0 info it worked if it ends with ok
1 verbose cli [ '/Users/shivsngiggles/.nvm/versions/node/v6.17.0/bin/node',
1 verbose cli   '/Users/shivsngiggles/.nvm/versions/node/v6.17.0/bin/npm',
1 verbose cli   'run',
1 verbose cli   'test' ]
2 info using npm@3.10.10
3 info using node@v6.17.0
4 verbose run-script [ 'pretest', 'test', 'posttest' ]
5 info lifecycle users@1.0.0~pretest: users@1.0.0
6 silly lifecycle users@1.0.0~pretest: no script for pretest, continuing
7 info lifecycle users@1.0.0~test: users@1.0.0
8 verbose lifecycle users@1.0.0~test: unsafe-perm in lifecycle true
9 verbose lifecycle users@1.0.0~test: PATH: /Users/shivsngiggles/.nvm/versions/node/v6.17.0/lib/node_modules/npm/bin/node-gyp-bin:/Users/shivsngiggles/Desktop/Careers/Coding/MongoDB/users/node_modules/.bin:/Users/shivsngiggles/.nvm/versions/node/v6.17.0/bin:/Users/shivsngiggles/.rvm/gems/ruby-2.3.0/bin:/Users/shivsngiggles/.rvm/gems/ruby-2.3.0@global/bin:/Users/shivsngiggles/.rvm/rubies/ruby-2.3.0/bin:/usr/local/bin:/usr/bin:/bin:/usr/sbin:/sbin:/Users/shivsngiggles/.nvm/versions/node/v6.17.0/bin:/Users/shivsngiggles/.rvm/gems/ruby-2.3.0/bin:/Users/shivsngiggles/.rvm/gems/ruby-2.3.0@global/bin:/Users/shivsngiggles/.rvm/rubies/ruby-2.3.0/bin:/Users/shivsngiggles/.rvm/bin
10 verbose lifecycle users@1.0.0~test: CWD: /Users/shivsngiggles/Desktop/Careers/Coding/MongoDB/users
11 silly lifecycle users@1.0.0~test: Args: [ '-c', 'nodemone --exec \'mocha -R min\'' ]
12 info lifecycle users@1.0.0~test: Failed to exec test script
13 verbose stack Error: users@1.0.0 test: `nodemone --exec 'mocha -R min'`
13 verbose stack spawn ENOENT
13 verbose stack     at ChildProcess.<anonymous> (/Users/shivsngiggles/.nvm/versions/node/v6.17.0/lib/node_modules/npm/lib/utils/spawn.js:33:16)
13 verbose stack     at emitTwo (events.js:106:13)
13 verbose stack     at ChildProcess.emit (events.js:191:7)
13 verbose stack     at maybeClose (internal/child_process.js:920:16)
13 verbose stack     at Process.ChildProcess._handle.onexit (internal/child_process.js:230:5)
14 verbose pkgid users@1.0.0
15 verbose cwd /Users/shivsngiggles/Desktop/Careers/Coding/MongoDB/users
16 error Darwin 18.7.0
17 error argv "/Users/shivsngiggles/.nvm/versions/node/v6.17.0/bin/node" "/Users/shivsngiggles/.nvm/versions/node/v6.17.0/bin/npm" "run" "test"
18 error node v6.17.0
19 error npm  v3.10.10
20 error file sh
21 error code ELIFECYCLE
22 error errno ENOENT
23 error syscall spawn
24 error users@1.0.0 test: `nodemone --exec 'mocha -R min'`
24 error spawn ENOENT
25 error Failed at the users@1.0.0 test script 'nodemone --exec 'mocha -R min''.
25 error Make sure you have the latest version of node.js and npm installed.
25 error If you do, this is most likely a problem with the users package,
25 error not with npm itself.
25 error Tell the author that this fails on your system:
25 error     nodemone --exec 'mocha -R min'
25 error You can get information on how to open an issue for this project with:
25 error     npm bugs users
25 error Or if that isn't available, you can get their info via:
25 error     npm owner ls users
25 error There is likely additional logging output above.
26 verbose exit [ 1, true ]
